[2024-03-24 11:03:45,425: INFO: main: Hi]
[2024-03-24 11:04:33,204: INFO: main: Hi]
[2024-03-24 11:32:22,633: INFO: common: yaml file: config\config.yaml loaded successfully]
[2024-03-24 11:32:22,634: INFO: common: created directory at: artifacts]
[2024-03-24 11:40:52,206: INFO: common: yaml file: config\config.yaml loaded successfully]
[2024-03-24 11:40:52,207: INFO: common: created directory at: artifacts]
[2024-03-24 11:41:47,836: INFO: common: yaml file: config\config.yaml loaded successfully]
[2024-03-24 11:41:47,837: INFO: common: created directory at: artifacts]
[2024-03-24 11:42:01,294: INFO: common: yaml file: config\config.yaml loaded successfully]
[2024-03-24 11:42:01,295: INFO: common: created directory at: artifacts]
[2024-03-24 11:42:14,776: INFO: common: yaml file: config\config.yaml loaded successfully]
[2024-03-24 11:42:14,777: INFO: common: created directory at: artifacts]
[2024-03-24 11:42:53,064: INFO: common: yaml file: config\config.yaml loaded successfully]
[2024-03-24 11:42:53,065: INFO: common: created directory at: artifacts]
[2024-03-24 11:43:17,276: INFO: common: yaml file: config\config.yaml loaded successfully]
[2024-03-24 11:43:17,277: INFO: common: created directory at: artifacts]
[2024-03-24 11:45:31,436: INFO: common: yaml file: config\config.yaml loaded successfully]
[2024-03-24 11:45:31,437: INFO: common: created directory at: artifacts]
[2024-03-24 11:45:43,468: INFO: common: yaml file: config\config.yaml loaded successfully]
[2024-03-24 11:45:43,469: INFO: common: created directory at: artifacts]
[2024-03-24 11:46:15,212: INFO: common: yaml file: config\config.yaml loaded successfully]
[2024-03-24 11:47:25,035: INFO: common: yaml file: config\config.yaml loaded successfully]
[2024-03-24 11:47:25,036: INFO: common: created directory at: artifacts]
[2024-03-24 11:55:58,224: INFO: common: yaml file: config\config.yaml loaded successfully]
[2024-03-24 11:55:58,225: INFO: common: created directory at: artifacts]
[2024-03-24 11:56:45,960: INFO: common: yaml file: config\config.yaml loaded successfully]
[2024-03-24 11:56:45,961: INFO: common: created directory at: artifacts]
[2024-03-24 11:56:45,962: INFO: common: created directory at: artifacts/data_ingestion]
[2024-03-24 12:00:27,946: INFO: common: yaml file: config\config.yaml loaded successfully]
[2024-03-24 12:00:27,947: INFO: common: created directory at: artifacts]
[2024-03-24 12:00:27,948: INFO: common: created directory at: artifacts/data_ingestion]
[2024-03-24 12:01:15,499: INFO: common: yaml file: config\config.yaml loaded successfully]
[2024-03-24 12:01:15,500: INFO: common: created directory at: artifacts]
[2024-03-24 12:01:15,500: INFO: common: created directory at: artifacts/data_ingestion]
[2024-03-24 12:01:37,227: INFO: common: yaml file: config\config.yaml loaded successfully]
[2024-03-24 12:01:37,228: INFO: common: created directory at: artifacts]
[2024-03-24 12:01:37,229: INFO: common: created directory at: artifacts/data_ingestion]
[2024-03-24 12:02:04,385: INFO: common: yaml file: config\config.yaml loaded successfully]
[2024-03-24 12:02:04,386: INFO: common: created directory at: artifacts]
[2024-03-24 12:02:04,387: INFO: common: created directory at: artifacts/data_ingestion]
[2024-03-24 12:02:14,620: INFO: common: yaml file: config\config.yaml loaded successfully]
[2024-03-24 12:02:14,621: INFO: common: created directory at: artifacts]
[2024-03-24 12:02:14,622: INFO: common: created directory at: artifacts/data_ingestion]
[2024-03-24 12:02:55,587: INFO: common: yaml file: config\config.yaml loaded successfully]
[2024-03-24 12:02:55,588: INFO: common: created directory at: artifacts]
[2024-03-24 12:02:55,589: INFO: common: created directory at: artifacts/data_ingestion]
[2024-03-24 12:18:41,540: INFO: common: yaml file: config\config.yaml loaded successfully]
[2024-03-24 12:18:41,541: INFO: common: created directory at: artifacts]
[2024-03-24 12:18:41,542: INFO: common: created directory at: artifacts/data_ingestion]
[2024-03-24 12:19:10,850: INFO: common: yaml file: config\config.yaml loaded successfully]
[2024-03-24 12:19:10,851: INFO: common: created directory at: artifacts]
[2024-03-24 12:19:10,852: INFO: common: created directory at: artifacts/data_ingestion]
[2024-03-24 12:21:41,917: INFO: common: yaml file: config\config.yaml loaded successfully]
[2024-03-24 12:21:41,918: INFO: common: created directory at: artifacts]
[2024-03-24 12:21:41,919: INFO: common: created directory at: artifacts/data_ingestion]
[2024-03-24 12:33:35,255: INFO: common: yaml file: config\config.yaml loaded successfully]
[2024-03-24 12:33:35,256: INFO: common: created directory at: artifacts]
[2024-03-24 12:33:35,257: INFO: common: created directory at: artifacts/data_ingestion]
[2024-03-24 12:33:35,738: INFO: data_ingestion:  test data downloaded !....]
[2024-03-24 12:33:36,147: INFO: data_ingestion:  test data downloaded !....]
[2024-03-24 12:35:08,122: INFO: common: yaml file: config\config.yaml loaded successfully]
[2024-03-24 12:35:08,122: INFO: common: created directory at: artifacts]
[2024-03-24 12:35:08,123: INFO: common: created directory at: artifacts/data_ingestion]
[2024-03-24 12:35:08,282: INFO: data_ingestion:  test data downloaded !....]
[2024-03-24 12:35:08,398: INFO: data_ingestion:  test data downloaded !....]
[2024-03-24 13:45:15,225: INFO: common: yaml file: src\loanPrediction\config\schema.yaml loaded successfully]
[2024-03-24 13:46:47,824: INFO: common: yaml file: src\loanPrediction\config\schema.yaml loaded successfully]
[2024-03-24 13:47:55,848: INFO: common: yaml file: src\loanPrediction\config\schema.yaml loaded successfully]
[2024-03-24 13:53:50,070: INFO: common: yaml file: src\loanPrediction\config\schema.yaml loaded successfully]
[2024-03-24 20:33:08,965: WARNING: main: !Hi]
[2024-03-24 20:33:48,209: ERROR: main: !Hi]
[ERROR][2024-03-24 20:34:49,074: main: !Hi]
[INFO][2024-03-24 21:03:47,085: main: !Hi]
[ERROR][2024-03-24 21:04:00,163: main: !Hi]
[ERROR][2024-03-25 09:28:45,878: main: !Hi]
[ERROR][2024-03-25 09:44:34,318: 3134267121: Sleep command timedout]
NoneType: None
[INFO][2024-03-25 10:02:13,445: _internal: [31m[1mWARNING: This is a development server. Do not use it in a production deployment. Use a production WSGI server instead.[0m
 * Running on all addresses (0.0.0.0)
 * Running on http://127.0.0.1:5000
 * Running on http://172.16.10.62:5000]
[INFO][2024-03-25 10:02:13,455: _internal: [33mPress CTRL+C to quit[0m]
[INFO][2024-03-25 10:02:13,461: _internal:  * Restarting with stat]
[WARNING][2024-03-25 10:02:13,996: _internal:  * Debugger is active!]
[INFO][2024-03-25 10:02:14,022: _internal:  * Debugger PIN: 355-007-421]
[INFO][2024-03-25 10:02:24,789: app: Hello World !!!!!!!!!]
[INFO][2024-03-25 10:02:24,798: _internal: 127.0.0.1 - - [25/Mar/2024 10:02:24] "GET / HTTP/1.1" 200 -]
[INFO][2024-03-25 10:02:24,991: _internal: 127.0.0.1 - - [25/Mar/2024 10:02:24] "[33mGET /favicon.ico HTTP/1.1[0m" 404 -]
[INFO][2024-03-25 10:02:45,765: app: Hello World !!!!!!!!!]
[INFO][2024-03-25 10:02:45,770: _internal: 127.0.0.1 - - [25/Mar/2024 10:02:45] "GET / HTTP/1.1" 200 -]
[INFO][2024-03-25 10:03:01,706: _internal:  * Detected change in 'C:\\Users\\smlab\\Documents\\Harish\\ml\\mlOPS\\my-project\\Packaging_model_Baseclasses\\Docker\\app.py', reloading]
[INFO][2024-03-25 10:03:01,763: _internal:  * Restarting with stat]
[WARNING][2024-03-25 10:03:02,326: _internal:  * Debugger is active!]
[INFO][2024-03-25 10:03:02,340: _internal:  * Debugger PIN: 355-007-421]
[INFO][2024-03-25 10:03:31,672: _internal: [31m[1mWARNING: This is a development server. Do not use it in a production deployment. Use a production WSGI server instead.[0m
 * Running on all addresses (0.0.0.0)
 * Running on http://127.0.0.1:5001
 * Running on http://172.16.10.62:5001]
[INFO][2024-03-25 10:03:31,680: _internal: [33mPress CTRL+C to quit[0m]
[INFO][2024-03-25 10:03:31,693: _internal:  * Restarting with stat]
[WARNING][2024-03-25 10:03:32,157: _internal:  * Debugger is active!]
[INFO][2024-03-25 10:03:32,171: _internal:  * Debugger PIN: 355-007-421]
[INFO][2024-03-25 10:03:36,551: app: Hello World !!!!!!!!!]
[INFO][2024-03-25 10:03:36,555: _internal: 127.0.0.1 - - [25/Mar/2024 10:03:36] "GET / HTTP/1.1" 200 -]
[INFO][2024-03-25 10:03:36,602: _internal: 127.0.0.1 - - [25/Mar/2024 10:03:36] "[33mGET /favicon.ico HTTP/1.1[0m" 404 -]
[INFO][2024-03-25 10:04:22,885: _internal:  * Detected change in 'C:\\Users\\smlab\\Documents\\Harish\\ml\\mlOPS\\my-project\\Packaging_model_Baseclasses\\Docker\\app.py', reloading]
[INFO][2024-03-25 10:04:22,941: _internal:  * Restarting with stat]
[INFO][2024-03-25 10:05:50,729: _internal: [31m[1mWARNING: This is a development server. Do not use it in a production deployment. Use a production WSGI server instead.[0m
 * Running on all addresses (0.0.0.0)
 * Running on http://127.0.0.1:5001
 * Running on http://172.16.10.62:5001]
[INFO][2024-03-25 10:05:50,738: _internal: [33mPress CTRL+C to quit[0m]
[INFO][2024-03-25 10:05:50,743: _internal:  * Restarting with stat]
[WARNING][2024-03-25 10:05:51,209: _internal:  * Debugger is active!]
[INFO][2024-03-25 10:05:51,224: _internal:  * Debugger PIN: 355-007-421]
[INFO][2024-03-25 10:06:06,403: app: Hello World !!!!!!!!!]
[INFO][2024-03-25 10:06:06,406: _internal: 127.0.0.1 - - [25/Mar/2024 10:06:06] "GET / HTTP/1.1" 200 -]
[INFO][2024-03-25 10:06:06,476: _internal: 127.0.0.1 - - [25/Mar/2024 10:06:06] "[33mGET /favicon.ico HTTP/1.1[0m" 404 -]
